0 info it worked if it ends with ok
1 verbose cli [ 'node',
1 verbose cli   '/usr/bin/npm',
1 verbose cli   'completion',
1 verbose cli   '--',
1 verbose cli   'npm',
1 verbose cli   'install',
1 verbose cli   '-g',
1 verbose cli   'fire-base' ]
2 info using npm@1.3.6
3 info using node@v0.10.36
4 verbose registry.get /-/short not expired, no request
5 error TypeError: Object #<Object> has no method 'match'
5 error     at escape (/usr/lib/node_modules/npm/lib/completion.js:187:10)
5 error     at /usr/lib/node_modules/npm/lib/completion.js:201:14
5 error     at Array.map (native)
5 error     at /usr/lib/node_modules/npm/lib/completion.js:199:19
5 error     at /usr/lib/node_modules/npm/lib/install.js:39:35
5 error     at RegClient.get_ (/usr/lib/node_modules/npm-registry-client/lib/get.js:111:14)
5 error     at RegClient.<anonymous> (/usr/lib/node_modules/npm-registry-client/lib/get.js:46:12)
5 error     at fs.js:272:14
5 error     at /usr/lib/node_modules/graceful-fs/graceful-fs.js:103:5
5 error     at Object.oncomplete (fs.js:108:15)
6 error If you need help, you may report this log at:
6 error     <http://github.com/isaacs/npm/issues>
6 error or email it to:
6 error     <npm-@googlegroups.com>
7 error System Linux 4.3.3-303.fc23.x86_64
8 error command "node" "/usr/bin/npm" "completion" "--" "npm" "install" "-g" "fire-base"
9 error cwd /home/bscholer/Documents/Projects/SRT_Tutoring/app
10 error node -v v0.10.36
11 error npm -v 1.3.6
12 error type undefined_method
13 verbose exit [ 1, true ]
